<?xml version="1.0" encoding="UTF-8" ?>
<testsuites name="vitest tests" tests="4" failures="0" errors="0" time="19.652">
    <testsuite name="src/validator/__tests__/validation-middleware.test.ts" timestamp="2023-11-21T06:50:41.121Z" hostname="macos-PG72J7VT9J" tests="4" failures="0" errors="0" skipped="0" time="0.005">
        <testcase classname="src/validator/__tests__/validation-middleware.test.ts" name="middleware &gt; allows valid data to fall through" time="0.001">
        </testcase>
        <testcase classname="src/validator/__tests__/validation-middleware.test.ts" name="middleware &gt; catches invalid data" time="0">
        </testcase>
        <testcase classname="src/validator/__tests__/validation-middleware.test.ts" name="middleware &gt; only returns updates for bindings set in the same transaction" time="0.002">
        </testcase>
        <testcase classname="src/validator/__tests__/validation-middleware.test.ts" name="merges invalid" time="0.001">
        </testcase>
    </testsuite>
</testsuites>
